app/k9mail/build/intermediates/manifest_merge_blame_file/debug/manifest-merger-blame-debug-report.txt
1<?xml version="1.0" encoding="utf-8"?>
2<manifest xmlns:android="http://schemas.android.com/apk/res/android"
3    package="com.fsck.k9.debug"
4    android:installLocation="auto"
5    android:versionCode="27025"
6    android:versionName="5.726-SNAPSHOT" >
7
8    <uses-sdk
9        android:minSdkVersion="21"
9-->src/main/AndroidManifest.xml
10        android:targetSdkVersion="29" />
10-->src/main/AndroidManifest.xml
11
12    <uses-feature
12-->src/main/AndroidManifest.xml:7:5-9:35
13        android:name="android.hardware.touchscreen"
13-->src/main/AndroidManifest.xml:8:9-52
14        android:required="false" />
14-->src/main/AndroidManifest.xml:9:9-33
15
16    <supports-screens
16-->src/main/AndroidManifest.xml:11:5-15:38
17        android:anyDensity="true"
17-->src/main/AndroidManifest.xml:12:9-34
18        android:largeScreens="true"
18-->src/main/AndroidManifest.xml:13:9-36
19        android:normalScreens="true"
19-->src/main/AndroidManifest.xml:14:9-37
20        android:smallScreens="true" />
20-->src/main/AndroidManifest.xml:15:9-36
21
22    <uses-permission android:name="android.permission.RECEIVE_BOOT_COMPLETED" />
22-->src/main/AndroidManifest.xml:17:5-80
22-->src/main/AndroidManifest.xml:17:22-78
23    <uses-permission android:name="android.permission.READ_CONTACTS" />
23-->src/main/AndroidManifest.xml:18:5-71
23-->src/main/AndroidManifest.xml:18:22-69
24    <uses-permission android:name="android.permission.READ_SYNC_SETTINGS" />
24-->src/main/AndroidManifest.xml:19:5-76
24-->src/main/AndroidManifest.xml:19:22-74
25    <uses-permission android:name="android.permission.ACCESS_NETWORK_STATE" />
25-->src/main/AndroidManifest.xml:21:5-78
25-->src/main/AndroidManifest.xml:21:22-76
26    <uses-permission android:name="android.permission.INTERNET" />
26-->src/main/AndroidManifest.xml:22:5-66
26-->src/main/AndroidManifest.xml:22:22-64
27    <uses-permission android:name="android.permission.VIBRATE" />
27-->src/main/AndroidManifest.xml:23:5-65
27-->src/main/AndroidManifest.xml:23:22-63
28    <uses-permission android:name="android.permission.WAKE_LOCK" />
28-->src/main/AndroidManifest.xml:24:5-67
28-->src/main/AndroidManifest.xml:24:22-65
29
30    <permission
31        android:name="com.fsck.k9.debug.permission.READ_MESSAGES"
31-->src/main/AndroidManifest.xml:27:9-65
32        android:description="@string/read_messages_desc"
32-->src/main/AndroidManifest.xml:28:9-57
33        android:label="@string/read_messages_label"
33-->src/main/AndroidManifest.xml:29:9-52
34        android:permissionGroup="android.permission-group.MESSAGES"
34-->src/main/AndroidManifest.xml:30:9-68
35        android:protectionLevel="dangerous" />
35-->src/main/AndroidManifest.xml:31:9-44
36
37    <uses-permission android:name="com.fsck.k9.debug.permission.READ_MESSAGES" />
37-->src/main/AndroidManifest.xml:32:22-78
38
39    <permission
40        android:name="com.fsck.k9.debug.permission.DELETE_MESSAGES"
40-->src/main/AndroidManifest.xml:35:9-67
41        android:description="@string/delete_messages_desc"
41-->src/main/AndroidManifest.xml:36:9-59
42        android:label="@string/delete_messages_label"
42-->src/main/AndroidManifest.xml:37:9-54
43        android:permissionGroup="android.permission-group.MESSAGES"
43-->src/main/AndroidManifest.xml:38:9-68
44        android:protectionLevel="dangerous" />
44-->src/main/AndroidManifest.xml:39:9-44
45
46    <uses-permission android:name="com.fsck.k9.debug.permission.DELETE_MESSAGES" />
46-->src/main/AndroidManifest.xml:40:22-80
47    <uses-permission android:name="android.permission.FOREGROUND_SERVICE" />
47-->[androidx.work:work-runtime:2.4.0] AndroidManifest.xml:28:5-77
47-->[androidx.work:work-runtime:2.4.0] AndroidManifest.xml:28:22-74
48
49    <application
49-->src/main/AndroidManifest.xml:43:5-422:19
50        android:name="com.fsck.k9.App"
50-->src/main/AndroidManifest.xml:44:9-39
51        android:allowBackup="false"
51-->src/main/AndroidManifest.xml:51:9-36
52        android:allowTaskReparenting="false"
52-->src/main/AndroidManifest.xml:45:9-45
53        android:appComponentFactory="androidx.core.app.CoreComponentFactory"
53-->[androidx.core:core:1.3.2] AndroidManifest.xml:24:18-86
54        android:debuggable="true"
55        android:icon="@drawable/ic_launcher"
55-->src/main/AndroidManifest.xml:47:9-45
56        android:label="@string/app_name"
56-->src/main/AndroidManifest.xml:48:9-41
57        android:resizeableActivity="true"
57-->src/main/AndroidManifest.xml:50:9-42
58        android:testOnly="true"
59        android:theme="@style/Theme.K9.Startup"
59-->src/main/AndroidManifest.xml:49:9-48
60        android:usesCleartextTraffic="true" >
60-->src/main/AndroidManifest.xml:46:9-44
61        <meta-data
61-->src/main/AndroidManifest.xml:53:9-55:58
62            android:name="android.app.default_searchable"
62-->src/main/AndroidManifest.xml:54:13-58
63            android:value="com.fsck.k9.activity.Search" />
63-->src/main/AndroidManifest.xml:55:13-56
64
65        <!-- TODO: Remove once minSdkVersion has been changed to 24+ -->
66        <meta-data
66-->src/main/AndroidManifest.xml:58:9-60:35
67            android:name="com.lge.support.SPLIT_WINDOW"
67-->src/main/AndroidManifest.xml:59:13-56
68            android:value="true" />
68-->src/main/AndroidManifest.xml:60:13-33
69
70        <uses-library
70-->src/main/AndroidManifest.xml:61:9-63:39
71            android:name="com.sec.android.app.multiwindow"
71-->src/main/AndroidManifest.xml:62:13-59
72            android:required="false" />
72-->src/main/AndroidManifest.xml:63:13-37
73
74        <meta-data
74-->src/main/AndroidManifest.xml:64:9-66:35
75            android:name="com.sec.android.support.multiwindow"
75-->src/main/AndroidManifest.xml:65:13-63
76            android:value="true" />
76-->src/main/AndroidManifest.xml:66:13-33
77        <meta-data
77-->src/main/AndroidManifest.xml:67:9-69:35
78            android:name="com.samsung.android.sdk.multiwindow.penwindow.enable"
78-->src/main/AndroidManifest.xml:68:13-80
79            android:value="true" />
79-->src/main/AndroidManifest.xml:69:13-33
80        <meta-data
80-->src/main/AndroidManifest.xml:70:9-71:36
81            android:name="android.webkit.WebView.MetricsOptOut"
81-->src/main/AndroidManifest.xml:70:20-71
82            android:value="true" />
82-->src/main/AndroidManifest.xml:71:13-33
83
84        <activity
84-->src/main/AndroidManifest.xml:80:9-82:61
85            android:name="com.fsck.k9.ui.onboarding.OnboardingActivity"
85-->src/main/AndroidManifest.xml:81:13-61
86            android:label="@string/welcome_message_title" />
86-->src/main/AndroidManifest.xml:82:13-58
87        <activity
87-->src/main/AndroidManifest.xml:84:9-88:15
88            android:name="com.fsck.k9.ui.settings.account.OpenPgpAppSelectDialog"
88-->src/main/AndroidManifest.xml:85:13-71
89            android:configChanges="locale"
89-->src/main/AndroidManifest.xml:86:13-43
90            android:theme="@style/Theme.K9.Dialog.Translucent.DayNight" />
90-->src/main/AndroidManifest.xml:87:13-72
91        <activity
91-->src/main/AndroidManifest.xml:90:9-93:65
92            android:name="com.fsck.k9.activity.setup.AccountSetupBasics"
92-->src/main/AndroidManifest.xml:91:13-62
93            android:configChanges="locale"
93-->src/main/AndroidManifest.xml:92:13-43
94            android:label="@string/account_setup_basics_title" />
94-->src/main/AndroidManifest.xml:93:13-63
95        <activity
95-->src/main/AndroidManifest.xml:95:9-98:71
96            android:name="com.fsck.k9.activity.setup.AccountSetupAccountType"
96-->src/main/AndroidManifest.xml:96:13-67
97            android:configChanges="locale"
97-->src/main/AndroidManifest.xml:97:13-43
98            android:label="@string/account_setup_account_type_title" />
98-->src/main/AndroidManifest.xml:98:13-69
99        <activity
99-->src/main/AndroidManifest.xml:100:9-103:67
100            android:name="com.fsck.k9.activity.setup.AccountSetupIncoming"
100-->src/main/AndroidManifest.xml:101:13-64
101            android:configChanges="locale"
101-->src/main/AndroidManifest.xml:102:13-43
102            android:label="@string/account_setup_incoming_title" />
102-->src/main/AndroidManifest.xml:103:13-65
103        <activity
103-->src/main/AndroidManifest.xml:105:9-108:73
104            android:name="com.fsck.k9.activity.setup.AccountSetupComposition"
104-->src/main/AndroidManifest.xml:106:13-67
105            android:configChanges="locale"
105-->src/main/AndroidManifest.xml:107:13-43
106            android:label="@string/account_settings_composition_title" />
106-->src/main/AndroidManifest.xml:108:13-71
107        <activity
107-->src/main/AndroidManifest.xml:110:9-113:67
108            android:name="com.fsck.k9.activity.setup.AccountSetupOutgoing"
108-->src/main/AndroidManifest.xml:111:13-64
109            android:configChanges="locale"
109-->src/main/AndroidManifest.xml:112:13-43
110            android:label="@string/account_setup_outgoing_title" />
110-->src/main/AndroidManifest.xml:113:13-65
111        <activity
111-->src/main/AndroidManifest.xml:115:9-118:66
112            android:name="com.fsck.k9.activity.setup.AccountSetupOptions"
112-->src/main/AndroidManifest.xml:116:13-63
113            android:configChanges="locale"
113-->src/main/AndroidManifest.xml:117:13-43
114            android:label="@string/account_setup_options_title" />
114-->src/main/AndroidManifest.xml:118:13-64
115        <activity
115-->src/main/AndroidManifest.xml:120:9-123:64
116            android:name="com.fsck.k9.activity.setup.AccountSetupNames"
116-->src/main/AndroidManifest.xml:121:13-61
117            android:configChanges="locale"
117-->src/main/AndroidManifest.xml:122:13-43
118            android:label="@string/account_setup_names_title" />
118-->src/main/AndroidManifest.xml:123:13-62
119        <activity
119-->src/main/AndroidManifest.xml:125:9-129:40
120            android:name="com.fsck.k9.activity.ChooseAccount"
120-->src/main/AndroidManifest.xml:126:13-51
121            android:configChanges="locale"
121-->src/main/AndroidManifest.xml:127:13-43
122            android:label="@string/choose_account_title"
122-->src/main/AndroidManifest.xml:128:13-57
123            android:noHistory="true" />
123-->src/main/AndroidManifest.xml:129:13-37
124        <activity
124-->src/main/AndroidManifest.xml:131:9-135:40
125            android:name="com.fsck.k9.ui.choosefolder.ChooseFolderActivity"
125-->src/main/AndroidManifest.xml:132:13-65
126            android:configChanges="locale"
126-->src/main/AndroidManifest.xml:133:13-43
127            android:label="@string/choose_folder_title"
127-->src/main/AndroidManifest.xml:134:13-56
128            android:noHistory="true" />
128-->src/main/AndroidManifest.xml:135:13-37
129        <activity
129-->src/main/AndroidManifest.xml:137:9-140:61
130            android:name="com.fsck.k9.activity.ChooseIdentity"
130-->src/main/AndroidManifest.xml:138:13-52
131            android:configChanges="locale"
131-->src/main/AndroidManifest.xml:139:13-43
132            android:label="@string/choose_identity_title" />
132-->src/main/AndroidManifest.xml:140:13-58
133        <activity
133-->src/main/AndroidManifest.xml:142:9-145:62
134            android:name="com.fsck.k9.activity.ManageIdentities"
134-->src/main/AndroidManifest.xml:143:13-54
135            android:configChanges="locale"
135-->src/main/AndroidManifest.xml:144:13-43
136            android:label="@string/manage_identities_title" />
136-->src/main/AndroidManifest.xml:145:13-60
137        <activity
137-->src/main/AndroidManifest.xml:147:9-150:58
138            android:name="com.fsck.k9.activity.EditIdentity"
138-->src/main/AndroidManifest.xml:148:13-50
139            android:configChanges="locale"
139-->src/main/AndroidManifest.xml:149:13-43
140            android:label="@string/edit_identity_title" />
140-->src/main/AndroidManifest.xml:150:13-56
141        <activity
141-->src/main/AndroidManifest.xml:152:9-157:74
142            android:name="com.fsck.k9.activity.NotificationDeleteConfirmation"
142-->src/main/AndroidManifest.xml:153:13-68
143            android:excludeFromRecents="true"
143-->src/main/AndroidManifest.xml:154:13-46
144            android:launchMode="singleTop"
144-->src/main/AndroidManifest.xml:155:13-43
145            android:taskAffinity=""
145-->src/main/AndroidManifest.xml:156:13-36
146            android:theme="@style/Theme.K9.Dialog.Translucent.DayNight" />
146-->src/main/AndroidManifest.xml:157:13-72
147
148        <!--
149             XXX Note: this activity is hacked to ignore config changes,
150             since it doesn't currently handle them correctly in code.
151        -->
152        <activity
152-->src/main/AndroidManifest.xml:161:9-164:73
153            android:name="com.fsck.k9.activity.setup.AccountSetupCheckSettings"
153-->src/main/AndroidManifest.xml:162:13-69
154            android:configChanges="keyboardHidden|orientation|locale"
154-->src/main/AndroidManifest.xml:163:13-70
155            android:label="@string/account_setup_check_settings_title" />
155-->src/main/AndroidManifest.xml:164:13-71
156        <activity
156-->src/main/AndroidManifest.xml:166:9-170:15
157            android:name="com.fsck.k9.ui.endtoend.AutocryptKeyTransferActivity"
157-->src/main/AndroidManifest.xml:167:13-69
158            android:configChanges="locale"
158-->src/main/AndroidManifest.xml:168:13-43
159            android:label="@string/ac_transfer_title" />
159-->src/main/AndroidManifest.xml:169:13-54
160        <activity android:name="com.fsck.k9.activity.MessageList" >
160-->src/main/AndroidManifest.xml:179:9-198:20
160-->src/main/AndroidManifest.xml:179:19-55
161            <intent-filter>
161-->src/main/AndroidManifest.xml:180:13-190:29
162                <action android:name="android.intent.action.MAIN" />
162-->src/main/AndroidManifest.xml:181:17-68
162-->src/main/AndroidManifest.xml:181:25-66
163
164                <category android:name="android.intent.category.DEFAULT" />
164-->src/main/AndroidManifest.xml:183:17-75
164-->src/main/AndroidManifest.xml:183:27-73
165                <category android:name="android.intent.category.LAUNCHER" />
165-->src/main/AndroidManifest.xml:184:17-76
165-->src/main/AndroidManifest.xml:184:27-74
166                <category android:name="android.intent.category.APP_EMAIL" />
166-->src/main/AndroidManifest.xml:185:17-77
166-->src/main/AndroidManifest.xml:185:27-75
167
168                <!-- TODO: Remove once minSdkVersion has been changed to 24+ -->
169                <category android:name="android.intent.category.MULTIWINDOW_LAUNCHER" />
169-->src/main/AndroidManifest.xml:188:17-88
169-->src/main/AndroidManifest.xml:188:27-86
170                <category android:name="android.intent.category.PENWINDOW_LAUNCHER" />
170-->src/main/AndroidManifest.xml:189:17-86
170-->src/main/AndroidManifest.xml:189:27-84
171            </intent-filter>
172            <intent-filter>
172-->src/main/AndroidManifest.xml:191:13-197:29
173                <action android:name="android.intent.action.VIEW" />
173-->src/main/AndroidManifest.xml:192:17-68
173-->src/main/AndroidManifest.xml:192:25-66
174
175                <data
175-->src/main/AndroidManifest.xml:193:17-195:46
176                    android:host="messages"
176-->src/main/AndroidManifest.xml:194:21-44
177                    android:scheme="k9mail" />
177-->src/main/AndroidManifest.xml:195:21-44
178
179                <category android:name="android.intent.category.DEFAULT" />
179-->src/main/AndroidManifest.xml:183:17-75
179-->src/main/AndroidManifest.xml:183:27-73
180            </intent-filter>
181        </activity> <!-- activity-alias so old launcher shortcuts work -->
182        <!-- TODO: Remove after 2020-12-31 -->
183        <activity-alias
183-->src/main/AndroidManifest.xml:174:9-177:39
184            android:name="com.fsck.k9.activity.FolderList"
184-->src/main/AndroidManifest.xml:175:13-48
185            android:exported="true"
185-->src/main/AndroidManifest.xml:177:13-36
186            android:targetActivity="com.fsck.k9.activity.MessageList" /> <!-- activity-alias so old launcher shortcuts work -->
186-->src/main/AndroidManifest.xml:176:13-59
187        <!-- TODO: Remove after 2020-12-31 -->
188        <activity-alias
188-->src/main/AndroidManifest.xml:75:9-78:39
189            android:name="com.fsck.k9.activity.Accounts"
189-->src/main/AndroidManifest.xml:76:13-46
190            android:exported="true"
190-->src/main/AndroidManifest.xml:78:13-36
191            android:targetActivity="com.fsck.k9.activity.MessageList" />
191-->src/main/AndroidManifest.xml:77:13-59
192
193        <activity
193-->src/main/AndroidManifest.xml:200:9-235:20
194            android:name="com.fsck.k9.activity.MessageCompose"
194-->src/main/AndroidManifest.xml:201:13-52
195            android:configChanges="locale"
195-->src/main/AndroidManifest.xml:202:13-43
196            android:enabled="false"
196-->src/main/AndroidManifest.xml:203:13-36
197            android:label="@string/app_name" >
197-->src/main/AndroidManifest.xml:204:13-45
198            <intent-filter>
198-->src/main/AndroidManifest.xml:205:13-209:29
199                <action android:name="android.intent.action.SENDTO" />
199-->src/main/AndroidManifest.xml:206:17-70
199-->src/main/AndroidManifest.xml:206:25-68
200
201                <data android:scheme="mailto" />
201-->src/main/AndroidManifest.xml:193:17-195:46
201-->src/main/AndroidManifest.xml:195:21-44
202
203                <category android:name="android.intent.category.DEFAULT" />
203-->src/main/AndroidManifest.xml:183:17-75
203-->src/main/AndroidManifest.xml:183:27-73
204            </intent-filter>
205            <intent-filter>
205-->src/main/AndroidManifest.xml:210:13-214:29
206                <action android:name="android.intent.action.SEND" />
206-->src/main/AndroidManifest.xml:211:17-68
206-->src/main/AndroidManifest.xml:211:25-66
207
208                <data android:mimeType="*/*" />
208-->src/main/AndroidManifest.xml:193:17-195:46
208-->src/main/AndroidManifest.xml:212:23-45
209
210                <category android:name="android.intent.category.DEFAULT" />
210-->src/main/AndroidManifest.xml:183:17-75
210-->src/main/AndroidManifest.xml:183:27-73
211            </intent-filter>
212            <intent-filter>
212-->src/main/AndroidManifest.xml:215:13-219:29
213                <action android:name="android.intent.action.SEND_MULTIPLE" />
213-->src/main/AndroidManifest.xml:216:17-77
213-->src/main/AndroidManifest.xml:216:25-75
214
215                <data android:mimeType="*/*" />
215-->src/main/AndroidManifest.xml:193:17-195:46
215-->src/main/AndroidManifest.xml:212:23-45
216
217                <category android:name="android.intent.category.DEFAULT" />
217-->src/main/AndroidManifest.xml:183:17-75
217-->src/main/AndroidManifest.xml:183:27-73
218            </intent-filter>
219            <intent-filter>
219-->src/main/AndroidManifest.xml:220:13-226:29
220                <action android:name="android.intent.action.VIEW" />
220-->src/main/AndroidManifest.xml:192:17-68
220-->src/main/AndroidManifest.xml:192:25-66
221
222                <data android:scheme="mailto" />
222-->src/main/AndroidManifest.xml:193:17-195:46
222-->src/main/AndroidManifest.xml:195:21-44
223
224                <category android:name="android.intent.category.DEFAULT" />
224-->src/main/AndroidManifest.xml:183:17-75
224-->src/main/AndroidManifest.xml:183:27-73
225                <category android:name="android.intent.category.BROWSABLE" />
225-->src/main/AndroidManifest.xml:225:17-77
225-->src/main/AndroidManifest.xml:225:27-75
226            </intent-filter>
227            <intent-filter>
227-->src/main/AndroidManifest.xml:227:13-230:29
228                <action android:name="org.autocrypt.PEER_ACTION" />
228-->src/main/AndroidManifest.xml:228:17-67
228-->src/main/AndroidManifest.xml:228:25-65
229
230                <category android:name="android.intent.category.DEFAULT" />
230-->src/main/AndroidManifest.xml:183:17-75
230-->src/main/AndroidManifest.xml:183:27-73
231            </intent-filter>
232
233            <meta-data
233-->src/main/AndroidManifest.xml:232:13-234:82
234                android:name="android.service.chooser.chooser_target_service"
234-->src/main/AndroidManifest.xml:233:17-78
235                android:value="com.fsck.k9.directshare.K9ChooserTargetService" />
235-->src/main/AndroidManifest.xml:234:17-79
236        </activity>
237
238        <!-- Search Activity - searchable -->
239        <activity
239-->src/main/AndroidManifest.xml:239:9-251:20
240            android:name="com.fsck.k9.activity.Search"
240-->src/main/AndroidManifest.xml:240:13-44
241            android:configChanges="locale"
241-->src/main/AndroidManifest.xml:241:13-43
242            android:label="@string/search_action"
242-->src/main/AndroidManifest.xml:242:13-50
243            android:uiOptions="splitActionBarWhenNarrow" >
243-->src/main/AndroidManifest.xml:243:13-57
244            <intent-filter>
244-->src/main/AndroidManifest.xml:244:13-247:29
245                <action android:name="android.intent.action.SEARCH" />
245-->src/main/AndroidManifest.xml:245:17-70
245-->src/main/AndroidManifest.xml:245:25-68
246
247                <category android:name="android.intent.category.DEFAULT" />
247-->src/main/AndroidManifest.xml:183:17-75
247-->src/main/AndroidManifest.xml:183:27-73
248            </intent-filter>
249
250            <meta-data
250-->src/main/AndroidManifest.xml:248:13-250:53
251                android:name="android.app.searchable"
251-->src/main/AndroidManifest.xml:249:17-54
252                android:resource="@xml/searchable" />
252-->src/main/AndroidManifest.xml:250:17-51
253        </activity>
254        <activity
254-->src/main/AndroidManifest.xml:253:9-261:20
255            android:name="com.fsck.k9.activity.LauncherShortcuts"
255-->src/main/AndroidManifest.xml:254:13-55
256            android:configChanges="locale"
256-->src/main/AndroidManifest.xml:255:13-43
257            android:label="@string/shortcuts_title" >
257-->src/main/AndroidManifest.xml:256:13-52
258            <intent-filter>
258-->src/main/AndroidManifest.xml:257:13-260:29
259                <action android:name="android.intent.action.CREATE_SHORTCUT" />
259-->src/main/AndroidManifest.xml:258:17-79
259-->src/main/AndroidManifest.xml:258:25-77
260
261                <category android:name="android.intent.category.DEFAULT" />
261-->src/main/AndroidManifest.xml:183:17-75
261-->src/main/AndroidManifest.xml:183:27-73
262            </intent-filter>
263        </activity>
264        <activity android:name="com.fsck.k9.widget.unread.UnreadWidgetConfigurationActivity" >
264-->src/main/AndroidManifest.xml:263:9-267:20
264-->src/main/AndroidManifest.xml:263:19-82
265            <intent-filter>
265-->src/main/AndroidManifest.xml:264:13-266:29
266                <action android:name="android.appwidget.action.APPWIDGET_CONFIGURE" />
266-->src/main/AndroidManifest.xml:265:17-86
266-->src/main/AndroidManifest.xml:265:25-84
267            </intent-filter>
268        </activity>
269        <activity
269-->src/main/AndroidManifest.xml:269:9-271:62
270            android:name="com.fsck.k9.activity.UpgradeDatabases"
270-->src/main/AndroidManifest.xml:270:13-54
271            android:label="@string/upgrade_databases_title" />
271-->src/main/AndroidManifest.xml:271:13-60
272        <activity
272-->src/main/AndroidManifest.xml:273:9-275:54
273            android:name="com.fsck.k9.ui.managefolders.ManageFoldersActivity"
273-->src/main/AndroidManifest.xml:274:13-67
274            android:label="@string/folders_action" />
274-->src/main/AndroidManifest.xml:275:13-51
275        <activity
275-->src/main/AndroidManifest.xml:277:9-279:51
276            android:name="com.fsck.k9.ui.settings.SettingsActivity"
276-->src/main/AndroidManifest.xml:278:13-57
277            android:label="@string/prefs_title" />
277-->src/main/AndroidManifest.xml:279:13-48
278        <activity
278-->src/main/AndroidManifest.xml:281:9-283:62
279            android:name="com.fsck.k9.ui.settings.general.GeneralSettingsActivity"
279-->src/main/AndroidManifest.xml:282:13-72
280            android:label="@string/general_settings_title" />
280-->src/main/AndroidManifest.xml:283:13-59
281        <activity
281-->src/main/AndroidManifest.xml:285:9-287:66
282            android:name="com.fsck.k9.ui.settings.account.AccountSettingsActivity"
282-->src/main/AndroidManifest.xml:286:13-72
283            android:label="@string/account_settings_title_fmt" />
283-->src/main/AndroidManifest.xml:287:13-63
284
285        <receiver
285-->src/main/AndroidManifest.xml:289:9-311:20
286            android:name="com.fsck.k9.service.StorageReceiver"
286-->src/main/AndroidManifest.xml:290:13-52
287            android:enabled="true" >
287-->src/main/AndroidManifest.xml:291:13-35
288            <intent-filter>
288-->src/main/AndroidManifest.xml:292:13-310:29
289
290                <!--
291                android.intent.action.MEDIA_MOUNTED
292
293                     * Broadcast Action:  External media is present and mounted at its mount point.
294                     * The path to the mount point for the removed media is contained in the Intent.mData field.
295                     * The Intent contains an extra with name "read-only" and Boolean value to indicate if the
296                     * media was mounted read only.
297                -->
298                <action android:name="android.intent.action.MEDIA_MOUNTED" />
298-->src/main/AndroidManifest.xml:302:17-77
298-->src/main/AndroidManifest.xml:302:25-75
299                <!--
300                MEDIA_EJECT and MEDIA_UNMOUNTED are not defined here: they have to be dynamically registered
301                otherwise it would make K-9 start at the wrong time
302                -->
303                <data android:scheme="file" />
303-->src/main/AndroidManifest.xml:193:17-195:46
303-->src/main/AndroidManifest.xml:195:21-44
304            </intent-filter>
305        </receiver>
306        <receiver
306-->src/main/AndroidManifest.xml:313:9-323:20
307            android:name="com.fsck.k9.provider.UnreadWidgetProvider"
307-->src/main/AndroidManifest.xml:314:13-58
308            android:icon="@drawable/ic_launcher"
308-->src/main/AndroidManifest.xml:315:13-49
309            android:label="@string/unread_widget_label" >
309-->src/main/AndroidManifest.xml:316:13-56
310            <intent-filter>
310-->src/main/AndroidManifest.xml:317:13-319:29
311                <action android:name="android.appwidget.action.APPWIDGET_UPDATE" />
311-->src/main/AndroidManifest.xml:318:17-83
311-->src/main/AndroidManifest.xml:318:25-81
312            </intent-filter>
313
314            <meta-data
314-->src/main/AndroidManifest.xml:320:13-322:61
315                android:name="android.appwidget.provider"
315-->src/main/AndroidManifest.xml:321:17-58
316                android:resource="@xml/unread_widget_info" />
316-->src/main/AndroidManifest.xml:322:17-59
317        </receiver>
318        <receiver
318-->src/main/AndroidManifest.xml:325:9-335:20
319            android:name="com.fsck.k9.widget.list.MessageListWidgetProvider"
319-->src/main/AndroidManifest.xml:326:13-66
320            android:icon="@drawable/message_list_widget_preview"
320-->src/main/AndroidManifest.xml:327:13-65
321            android:label="@string/mail_list_widget_text" >
321-->src/main/AndroidManifest.xml:328:13-58
322            <intent-filter>
322-->src/main/AndroidManifest.xml:317:13-319:29
323                <action android:name="android.appwidget.action.APPWIDGET_UPDATE" />
323-->src/main/AndroidManifest.xml:318:17-83
323-->src/main/AndroidManifest.xml:318:25-81
324            </intent-filter>
325
326            <meta-data
326-->src/main/AndroidManifest.xml:320:13-322:61
327                android:name="android.appwidget.provider"
327-->src/main/AndroidManifest.xml:321:17-58
328                android:resource="@xml/message_list_widget_info" />
328-->src/main/AndroidManifest.xml:322:17-59
329        </receiver>
330
331        <service
331-->src/main/AndroidManifest.xml:337:9-340:72
332            android:name="com.fsck.k9.widget.list.MessageListWidgetService"
332-->src/main/AndroidManifest.xml:338:13-65
333            android:enabled="true"
333-->src/main/AndroidManifest.xml:339:13-35
334            android:permission="android.permission.BIND_REMOTEVIEWS" />
334-->src/main/AndroidManifest.xml:340:13-69
335        <service
335-->src/main/AndroidManifest.xml:342:9-344:37
336            android:name="com.fsck.k9.notification.NotificationActionService"
336-->src/main/AndroidManifest.xml:343:13-67
337            android:enabled="true" />
337-->src/main/AndroidManifest.xml:344:13-35
338        <service
338-->src/main/AndroidManifest.xml:346:9-348:39
339            android:name="com.fsck.k9.service.DatabaseUpgradeService"
339-->src/main/AndroidManifest.xml:347:13-59
340            android:exported="false" />
340-->src/main/AndroidManifest.xml:348:13-37
341        <service
341-->src/main/AndroidManifest.xml:351:9-357:19
342            android:name="com.fsck.k9.directshare.K9ChooserTargetService"
342-->src/main/AndroidManifest.xml:352:13-74
343            android:permission="android.permission.BIND_CHOOSER_TARGET_SERVICE" >
343-->src/main/AndroidManifest.xml:353:13-80
344            <intent-filter>
344-->src/main/AndroidManifest.xml:354:13-356:29
345                <action android:name="android.service.chooser.ChooserTargetService" />
345-->src/main/AndroidManifest.xml:355:17-87
345-->src/main/AndroidManifest.xml:355:25-84
346            </intent-filter>
347        </service>
348        <service
348-->src/main/AndroidManifest.xml:359:9-361:71
349            android:name="com.fsck.k9.account.AccountRemoverService"
349-->src/main/AndroidManifest.xml:360:13-69
350            android:permission="android.permission.BIND_JOB_SERVICE" />
350-->src/main/AndroidManifest.xml:361:13-69
351
352        <provider